<?xml version="1.0" encoding="UTF-8"?>
<!-- Generated by org.testng.reporters.JUnitReportReporter -->
<testsuite skipped="0" hostname="DESKTOP-18B12HC" name="org.obs.testNGCommands.GroupingTest" tests="4" failures="0" timestamp="2022-04-18T00:52:01 IST" time="0.032" errors="0">
  <testcase name="testCase2" time="0.000" classname="org.obs.testNGCommands.GroupingTest"/>
  <system-out/>
  <testcase name="testCase1" time="0.016" classname="org.obs.testNGCommands.GroupingTest"/>
  <system-out/>
  <testcase name="testCase3" time="0.000" classname="org.obs.testNGCommands.GroupingTest"/>
  <system-out/>
  <testcase name="testCase4" time="0.016" classname="org.obs.testNGCommands.GroupingTest"/>
  <system-out/>
</testsuite> <!-- org.obs.testNGCommands.GroupingTest -->
